<?xml version="1.0" encoding="UTF-8"?>
<!-- Generated by org.testng.reporters.JUnitXMLReporter -->
<testsuite hostname="sandipan-PC" ignored="0" name="Default test" tests="3" failures="0" timestamp="10 Jun 2017 07:37:35 GMT" time="0.061" errors="0">
  <testcase name="addVendor" time="0.006" classname="xmlfile.NewTest1"/>
  <testcase name="addCustomer" time="0.002" classname="xmlfile.NewTest1"/>
  <testcase name="addPrice" time="0.005" classname="xmlfile.NewTest1"/>
</testsuite> <!-- Default test -->
