<?xml version="1.0" encoding="UTF-8"?>
<!-- Generated by org.testng.reporters.JUnitXMLReporter -->
<testsuite hostname="sandipan-PC" ignored="0" name="Test" tests="6" failures="0" timestamp="13 Jun 2017 14:43:34 GMT" time="0.111" errors="0">
  <testcase name="addVendor" time="0.009" classname="xmlfile.NewTest1"/>
  <testcase name="deleteVendor" time="0.002" classname="xmlfile.NewTest4"/>
  <testcase name="addCustomer" time="0.005" classname="xmlfile.NewTest1"/>
  <testcase name="deleteCustomer" time="0.002" classname="xmlfile.NewTest4"/>
  <testcase name="addPrice" time="0.002" classname="xmlfile.NewTest1"/>
  <testcase name="deletePrice" time="0.003" classname="xmlfile.NewTest4"/>
</testsuite> <!-- Test -->
